<mule xmlns="http://www.mulesoft.org/schema/mule/core"
      xmlns:xsi="http://www.w3.org/2001/XMLSchema-instance"
      xmlns:aws-lambda="http://www.mulesoft.org/schema/mule/aws-lambda"
      xsi:schemaLocation="http://www.mulesoft.org/schema/mule/core http://www.mulesoft.org/schema/mule/core/current/mule.xsd
          http://www.mulesoft.org/schema/mule/aws-lambda http://www.mulesoft.org/schema/mule/aws-lambda/current/mule-aws-lambda.xsd">

    <aws-lambda:config name="config">
        <aws-lambda:connection accessKey="1" secretKey="1" region="us-east-1" />
    </aws-lambda:config>

    <flow name="listFunctionsFlow">
        <aws-lambda:list-functions config-ref="config"/>
    </flow>

</mule>
